-------------------------------------------------------------------------------
Test set: com.winnertech.esmc.EsmcApplicationTests
-------------------------------------------------------------------------------
Tests run: 1, Failures: 0, Errors: 1, Skipped: 0, Time elapsed: 0.442 s <<< FAILURE! - in com.winnertech.esmc.EsmcApplicationTests
com.winnertech.esmc.EsmcApplicationTests  Time elapsed: 0.44 s  <<< ERROR!
java.lang.IllegalStateException: Unable to find a @SpringBootConfiguration, you need to use @ContextConfiguration or @SpringBootTest(classes=...) with your test

